<?xml version="1.0" encoding="UTF-8"?>
<testsuite name="edu.coursera.concurrent.ListSetTest" time="202.451" tests="6" errors="0" skipped="0" failures="2">
  <properties>
[...]
</properties>
  <testcase name="testCoarseGrainedLockingRandomLarge" classname="edu.coursera.concurrent.ListSetTest" time="59.013"/>
  <testcase name="testCoarseGrainedLockingRepeatingLarge" classname="edu.coursera.concurrent.ListSetTest" time="35.264"/>
  <testcase name="testReadWriteLocksRandomLarge" classname="edu.coursera.concurrent.ListSetTest" time="51.935">
    <failure message="Expected contains throughput improvement to be at least 1.800000x with read-write locks, but found 1.703015x" type="junit.framework.AssertionFailedError">junit.framework.AssertionFailedError: Expected contains throughput improvement to be at least 1.800000x with read-write locks, but found 1.703015x
	at junit.framework.Assert.fail(Assert.java:47)
	at junit.framework.Assert.assertTrue(Assert.java:20)
	at edu.coursera.concurrent.ListSetTest.testReadWriteLocksHelper(ListSetTest.java:224)
	at edu.coursera.concurrent.ListSetTest.testReadWriteLocksRandomLarge(ListSetTest.java:85)
</failure>
    <system-out><![CDATA[=========================================================
RWCoarseList vs. SyncList (Large Random)
=========================================================
# threads = 2
0.7948586118251928x improvement in add throughput (25.873221216041397 -> 20.565552699228792)
1.7030152829409335x improvement in contains throughput (9.701673538685423 -> 16.522098306484924)
1.0005186721991703x improvement in remove throughput (10.368066355624675 -> 10.37344398340249)
=========================================================
]]></system-out>
  </testcase>
  <testcase name="testReadWriteLocksRandomSmall" classname="edu.coursera.concurrent.ListSetTest" time="11.039">
    <failure message="Expected contains throughput improvement to be at least 1.800000x with read-write locks, but found 1.725572x" type="junit.framework.AssertionFailedError">junit.framework.AssertionFailedError: Expected contains throughput improvement to be at least 1.800000x with read-write locks, but found 1.725572x
	at junit.framework.Assert.fail(Assert.java:47)
	at junit.framework.Assert.assertTrue(Assert.java:20)
	at edu.coursera.concurrent.ListSetTest.testReadWriteLocksHelper(ListSetTest.java:224)
	at edu.coursera.concurrent.ListSetTest.testReadWriteLocksRandomSmall(ListSetTest.java:101)
</failure>
    <system-out><![CDATA[=========================================================
RWCoarseList vs. SyncList (Small Random)
=========================================================
# threads = 2
0.7827476038338659x improvement in add throughput (81.63265306122449 -> 63.89776357827476)
1.7255717255717256x improvement in contains throughput (24.096385542168676 -> 41.58004158004158)
1.0648030495552732x improvement in remove throughput (23.86634844868735 -> 25.412960609911053)
=========================================================
]]></system-out>
  </testcase>
  <testcase name="testReadWriteLocksRepeatingLarge" classname="edu.coursera.concurrent.ListSetTest" time="29.522"/>
  <testcase name="testReadWriteLocksRepeatingSmall" classname="edu.coursera.concurrent.ListSetTest" time="15.678"/>
</testsuite>